<?xml version="1.0" encoding="UTF-8"?>
<testsuite name="com.diotima.book.springboot.web.IndexControllerTest" tests="1" skipped="0" failures="0" errors="0" timestamp="2020-01-08T23:40:41" hostname="DESKTOP-G5N14FI" time="0.43">
  <properties/>
  <testcase name="메인페이지_로딩" classname="com.diotima.book.springboot.web.IndexControllerTest" time="0.43"/>
  <system-out><![CDATA[2020-01-09 08:40:36.620  INFO 7780 --- [    Test worker] .b.t.c.SpringBootTestContextBootstrapper : Neither @ContextConfiguration nor @ContextHierarchy found for test class [com.diotima.book.springboot.web.IndexControllerTest], using SpringBootContextLoader
2020-01-09 08:40:36.624  INFO 7780 --- [    Test worker] o.s.t.c.support.AbstractContextLoader    : Could not detect default resource locations for test class [com.diotima.book.springboot.web.IndexControllerTest]: no resource found for suffixes {-context.xml, Context.groovy}.
2020-01-09 08:40:36.624  INFO 7780 --- [    Test worker] t.c.s.AnnotationConfigContextLoaderUtils : Could not detect default configuration classes for test class [com.diotima.book.springboot.web.IndexControllerTest]: IndexControllerTest does not declare any static, non-private, non-final, nested classes annotated with @Configuration.
2020-01-09 08:40:36.627  INFO 7780 --- [    Test worker] .b.t.c.SpringBootTestContextBootstrapper : Found @SpringBootConfiguration com.diotima.book.springboot.Application for test class com.diotima.book.springboot.web.IndexControllerTest
2020-01-09 08:40:36.629  INFO 7780 --- [    Test worker] .b.t.c.SpringBootTestContextBootstrapper : Loaded default TestExecutionListener class names from location [META-INF/spring.factories]: [org.springframework.security.test.context.support.WithSecurityContextTestExecutionListener, org.springframework.security.test.context.support.ReactorContextTestExecutionListener, org.springframework.boot.test.autoconfigure.restdocs.RestDocsTestExecutionListener, org.springframework.boot.test.autoconfigure.web.client.MockRestServiceServerResetTestExecutionListener, org.springframework.boot.test.autoconfigure.web.servlet.MockMvcPrintOnlyOnFailureTestExecutionListener, org.springframework.boot.test.autoconfigure.web.servlet.WebDriverTestExecutionListener, org.springframework.boot.test.mock.mockito.MockitoTestExecutionListener, org.springframework.boot.test.mock.mockito.ResetMocksTestExecutionListener, org.springframework.test.context.web.ServletTestExecutionListener, org.springframework.test.context.support.DirtiesContextBeforeModesTestExecutionListener, org.springframework.test.context.support.DependencyInjectionTestExecutionListener, org.springframework.test.context.support.DirtiesContextTestExecutionListener, org.springframework.test.context.transaction.TransactionalTestExecutionListener, org.springframework.test.context.jdbc.SqlScriptsTestExecutionListener]
2020-01-09 08:40:36.630  INFO 7780 --- [    Test worker] .b.t.c.SpringBootTestContextBootstrapper : Using TestExecutionListeners: [org.springframework.test.context.web.ServletTestExecutionListener@518cabcf, org.springframework.test.context.support.DirtiesContextBeforeModesTestExecutionListener@72267fb9, org.springframework.boot.test.mock.mockito.MockitoTestExecutionListener@35024849, org.springframework.boot.test.autoconfigure.SpringBootDependencyInjectionTestExecutionListener@64a7f28d, org.springframework.test.context.support.DirtiesContextTestExecutionListener@50c1ef05, org.springframework.test.context.transaction.TransactionalTestExecutionListener@11db8913, org.springframework.test.context.jdbc.SqlScriptsTestExecutionListener@36bcdb61, org.springframework.security.test.context.support.WithSecurityContextTestExecutionListener@6d5464a1, org.springframework.security.test.context.support.ReactorContextTestExecutionListener@32b217c9, org.springframework.boot.test.autoconfigure.restdocs.RestDocsTestExecutionListener@7f6c939d, org.springframework.boot.test.autoconfigure.web.client.MockRestServiceServerResetTestExecutionListener@2f5b28c2, org.springframework.boot.test.autoconfigure.web.servlet.MockMvcPrintOnlyOnFailureTestExecutionListener@61e430e4, org.springframework.boot.test.autoconfigure.web.servlet.WebDriverTestExecutionListener@434a7f4e, org.springframework.boot.test.mock.mockito.ResetMocksTestExecutionListener@58a1fcc1]

  .   ____          _            __ _ _
 /\\ / ___'_ __ _ _(_)_ __  __ _ \ \ \ \
( ( )\___ | '_ | '_| | '_ \/ _` | \ \ \ \
 \\/  ___)| |_)| | | | | || (_| |  ) ) ) )
  '  |____| .__|_| |_|_| |_\__, | / / / /
 =========|_|==============|___/=/_/_/_/
 :: Spring Boot ::        (v2.1.9.RELEASE)

2020-01-09 08:40:36.710  INFO 7780 --- [    Test worker] c.d.b.s.web.IndexControllerTest          : Starting IndexControllerTest on DESKTOP-G5N14FI with PID 7780 (started by random999 in C:\Java_Work\book\projects\freelec-springboot2-webservice)
2020-01-09 08:40:36.711  INFO 7780 --- [    Test worker] c.d.b.s.web.IndexControllerTest          : No active profile set, falling back to default profiles: default
2020-01-09 08:40:37.260  INFO 7780 --- [    Test worker] .s.d.r.c.RepositoryConfigurationDelegate : Bootstrapping Spring Data repositories in DEFAULT mode.
2020-01-09 08:40:37.343  INFO 7780 --- [    Test worker] .s.d.r.c.RepositoryConfigurationDelegate : Finished Spring Data repository scanning in 76ms. Found 2 repository interfaces.
2020-01-09 08:40:37.561  INFO 7780 --- [    Test worker] trationDelegate$BeanPostProcessorChecker : Bean 'org.springframework.transaction.annotation.ProxyTransactionManagementConfiguration' of type [org.springframework.transaction.annotation.ProxyTransactionManagementConfiguration$$EnhancerBySpringCGLIB$$a68bcf48] is not eligible for getting processed by all BeanPostProcessors (for example: not eligible for auto-proxying)
2020-01-09 08:40:38.100  INFO 7780 --- [    Test worker] o.s.b.w.embedded.tomcat.TomcatWebServer  : Tomcat initialized with port(s): 0 (http)
2020-01-09 08:40:38.168  INFO 7780 --- [    Test worker] o.apache.catalina.core.StandardService   : Starting service [Tomcat]
2020-01-09 08:40:38.168  INFO 7780 --- [    Test worker] org.apache.catalina.core.StandardEngine  : Starting Servlet engine: [Apache Tomcat/9.0.26]
2020-01-09 08:40:38.578  INFO 7780 --- [    Test worker] o.a.c.c.C.[Tomcat].[localhost].[/]       : Initializing Spring embedded WebApplicationContext
2020-01-09 08:40:38.580  INFO 7780 --- [    Test worker] o.s.web.context.ContextLoader            : Root WebApplicationContext: initialization completed in 1862 ms
2020-01-09 08:40:39.019  INFO 7780 --- [    Test worker] com.zaxxer.hikari.HikariDataSource       : HikariPool-2 - Starting...
2020-01-09 08:40:39.022  INFO 7780 --- [    Test worker] com.zaxxer.hikari.HikariDataSource       : HikariPool-2 - Start completed.
2020-01-09 08:40:39.125  INFO 7780 --- [    Test worker] o.hibernate.jpa.internal.util.LogHelper  : HHH000204: Processing PersistenceUnitInfo [
	name: default
	...]
2020-01-09 08:40:39.157  INFO 7780 --- [    Test worker] org.hibernate.dialect.Dialect            : HHH000400: Using dialect: org.hibernate.dialect.MySQL5InnoDBDialect
Hibernate: drop table if exists posts
Hibernate: drop table if exists user
Hibernate: create table posts (id bigint not null auto_increment, created_date datetime, modified_date datetime, author varchar(255), content TEXT not null, title varchar(500) not null, primary key (id)) engine=InnoDB
Hibernate: create table user (id bigint not null auto_increment, created_date datetime, modified_date datetime, email varchar(255) not null, name varchar(255) not null, picture varchar(255), role varchar(255) not null, primary key (id)) engine=InnoDB
2020-01-09 08:40:39.275  INFO 7780 --- [    Test worker] o.h.t.schema.internal.SchemaCreatorImpl  : HHH000476: Executing import script 'org.hibernate.tool.schema.internal.exec.ScriptSourceInputNonExistentImpl@6c7d701f'
2020-01-09 08:40:39.275  INFO 7780 --- [    Test worker] j.LocalContainerEntityManagerFactoryBean : Initialized JPA EntityManagerFactory for persistence unit 'default'
2020-01-09 08:40:39.954  INFO 7780 --- [    Test worker] o.h.h.i.QueryTranslatorFactoryInitiator  : HHH000397: Using ASTQueryTranslatorFactory
2020-01-09 08:40:40.304  INFO 7780 --- [    Test worker] o.s.s.web.DefaultSecurityFilterChain     : Creating filter chain: any request, [org.springframework.security.web.context.request.async.WebAsyncManagerIntegrationFilter@5c6d5287, org.springframework.security.web.context.SecurityContextPersistenceFilter@512386a4, org.springframework.security.web.header.HeaderWriterFilter@df475f9, org.springframework.security.web.authentication.logout.LogoutFilter@2bdc3489, org.springframework.security.oauth2.client.web.OAuth2AuthorizationRequestRedirectFilter@43e2573a, org.springframework.security.oauth2.client.web.OAuth2LoginAuthenticationFilter@1cfff399, org.springframework.security.web.authentication.ui.DefaultLoginPageGeneratingFilter@6607984b, org.springframework.security.web.authentication.ui.DefaultLogoutPageGeneratingFilter@665df8d3, org.springframework.security.web.savedrequest.RequestCacheAwareFilter@6c4fea11, org.springframework.security.web.servletapi.SecurityContextHolderAwareRequestFilter@423a11dc, org.springframework.security.web.authentication.AnonymousAuthenticationFilter@37d728a5, org.springframework.security.web.session.SessionManagementFilter@7e5b4858, org.springframework.security.web.access.ExceptionTranslationFilter@59ec97b6, org.springframework.security.web.access.intercept.FilterSecurityInterceptor@13d52be2]
2020-01-09 08:40:40.736  INFO 7780 --- [    Test worker] o.s.s.concurrent.ThreadPoolTaskExecutor  : Initializing ExecutorService 'applicationTaskExecutor'
2020-01-09 08:40:40.763  WARN 7780 --- [    Test worker] aWebConfiguration$JpaWebMvcConfiguration : spring.jpa.open-in-view is enabled by default. Therefore, database queries may be performed during view rendering. Explicitly configure spring.jpa.open-in-view to disable this warning
2020-01-09 08:40:40.825  INFO 7780 --- [    Test worker] o.s.b.a.w.s.WelcomePageHandlerMapping    : Adding welcome page template: index
2020-01-09 08:40:41.409  INFO 7780 --- [    Test worker] s.a.ScheduledAnnotationBeanPostProcessor : No TaskScheduler/ScheduledExecutorService bean found for scheduled processing
2020-01-09 08:40:41.451  INFO 7780 --- [    Test worker] o.s.b.w.embedded.tomcat.TomcatWebServer  : Tomcat started on port(s): 3078 (http) with context path ''
2020-01-09 08:40:41.452  INFO 7780 --- [    Test worker] c.d.b.s.web.IndexControllerTest          : Started IndexControllerTest in 4.819 seconds (JVM running for 26.615)
2020-01-09 08:40:41.685  INFO 7780 --- [o-auto-1-exec-1] o.a.c.c.C.[Tomcat].[localhost].[/]       : Initializing Spring DispatcherServlet 'dispatcherServlet'
2020-01-09 08:40:41.687  INFO 7780 --- [o-auto-1-exec-1] o.s.web.servlet.DispatcherServlet        : Initializing Servlet 'dispatcherServlet'
2020-01-09 08:40:41.744  INFO 7780 --- [o-auto-1-exec-1] o.s.web.servlet.DispatcherServlet        : Completed initialization in 51 ms
Hibernate: select posts0_.id as id1_0_, posts0_.created_date as created_2_0_, posts0_.modified_date as modified3_0_, posts0_.author as author4_0_, posts0_.content as content5_0_, posts0_.title as title6_0_ from posts posts0_ order by posts0_.id DESC
]]></system-out>
  <system-err><![CDATA[]]></system-err>
</testsuite>
